2019-02-05 11:54:42,143 psRestUtilities  INFO 	 		0:00:01.042000 sec
2019-02-05 11:54:42,144 psRestUtilities  INFO 	 Fetching for following Plans (PlanID): [27592, 50002, 50003, 50001] 
2019-02-05 11:54:42,145 psRestUtilities  INFO 	 REST Server: http://slc10zjt.us.oracle.com:7001/fscmRestApi/resources/11.13.18.05

2019-02-05 11:54:42,145 psRestUtilities  INFO 	 PlanId: 27592 
2019-02-05 11:54:42,146 psRestUtilities  INFO 	 	planStatus 
2019-02-05 11:54:42,663 psRestUtilities  INFO 	 		0:00:00.516000 sec
2019-02-05 11:54:42,663 psRestUtilities  INFO 	 		1 records
2019-02-05 11:54:42,666 psRestUtilities  INFO 	 	schedulingResources 
2019-02-05 11:54:43,132 psRestUtilities  INFO 	 		0:00:00.466000 sec
2019-02-05 11:54:43,133 psRestUtilities  INFO 	 PlanId: 50002 
2019-02-05 11:54:43,133 psRestUtilities  INFO 	 	planStatus 
2019-02-05 11:54:43,644 psRestUtilities  INFO 	 		0:00:00.510000 sec
2019-02-05 11:54:43,644 psRestUtilities  INFO 	 	schedulingResources 
2019-02-05 11:54:44,078 psRestUtilities  INFO 	 		0:00:00.433000 sec
2019-02-05 11:54:44,078 psRestUtilities  INFO 	 		18 records
2019-02-05 11:54:44,082 psRestUtilities  INFO 	 PlanId: 50003 
2019-02-05 11:54:44,082 psRestUtilities  INFO 	 	planStatus 
2019-02-05 11:54:44,487 psRestUtilities  INFO 	 		0:00:00.405000 sec
2019-02-05 11:54:44,488 psRestUtilities  INFO 	 	schedulingResources 
2019-02-05 11:54:45,068 psRestUtilities  INFO 	 		0:00:00.580000 sec
2019-02-05 11:54:45,068 psRestUtilities  INFO 	 		9 records
2019-02-05 11:54:45,071 psRestUtilities  INFO 	 PlanId: 50001 
2019-02-05 11:54:45,072 psRestUtilities  INFO 	 	planStatus 
2019-02-05 11:54:45,623 psRestUtilities  INFO 	 		0:00:00.550000 sec
2019-02-05 11:54:45,623 psRestUtilities  INFO 	 	schedulingResources 
2019-02-05 11:54:46,237 psRestUtilities  INFO 	 		0:00:00.614000 sec
2019-02-05 11:54:46,237 psRestUtilities  INFO 	 		4 records
